<?xml version="1.0" encoding="UTF-8"?>
<testsuite name="SILab2Test" tests="2" skipped="0" failures="0" errors="0" timestamp="2022-05-23T11:26:09" hostname="DESKTOP-38PC18V" time="0.026">
  <properties/>
  <testcase name="test1()" classname="SILab2Test" time="0.024"/>
  <testcase name="test2()" classname="SILab2Test" time="0.001"/>
  <system-out><![CDATA[]]></system-out>
  <system-err><![CDATA[]]></system-err>
</testsuite>
